[debug] [2023-07-05T23:53:54.353Z] ----------------------------------------------------------------------
[debug] [2023-07-05T23:53:54.355Z] Command:       C:\Program Files\nodejs\node.exe C:\Users\Administrator\AppData\Roaming\npm\node_modules\firebase-tools\lib\bin\firebase.js emulators:start --only functions
[debug] [2023-07-05T23:53:54.356Z] CLI Version:   12.4.2
[debug] [2023-07-05T23:53:54.356Z] Platform:      win32
[debug] [2023-07-05T23:53:54.356Z] Node Version:  v20.3.1
[debug] [2023-07-05T23:53:54.356Z] Time:          Wed Jul 05 2023 19:53:54 GMT-0400 (Eastern Daylight Time)
[debug] [2023-07-05T23:53:54.356Z] ----------------------------------------------------------------------
[debug] 
[debug] [2023-07-05T23:53:54.490Z] > command requires scopes: ["email","openid","https://www.googleapis.com/auth/cloudplatformprojects.readonly","https://www.googleapis.com/auth/firebase","https://www.googleapis.com/auth/cloud-platform"]
[debug] [2023-07-05T23:53:54.491Z] > authorizing via signed-in user (leisurelifecruises@gmail.com)
[info] i  emulators: Starting emulators: functions {"metadata":{"emulator":{"name":"hub"},"message":"Starting emulators: functions"}}
[debug] [2023-07-05T23:53:54.502Z] [logging] Logging Emulator only supports listening on one address (127.0.0.1). Not listening on ::1
[warn] !  ui: Emulator UI unable to start on port 4000, starting on 4003 instead. {"metadata":{"emulator":{"name":"ui"},"message":"Emulator UI unable to start on port 4000, starting on 4003 instead."}}
[debug] [2023-07-05T23:53:54.504Z] assigned listening specs for emulators {"user":{"hub":[{"address":"127.0.0.1","family":"IPv4","port":4400},{"address":"::1","family":"IPv6","port":4400}],"logging":[{"address":"127.0.0.1","family":"IPv4","port":4500}],"ui":[{"address":"127.0.0.1","family":"IPv4","port":4003},{"address":"::1","family":"IPv6","port":4003}]},"metadata":{"message":"assigned listening specs for emulators"}}
[warn] !  emulators: It seems that you are running multiple instances of the emulator suite for project leisurelifevacations-52ff1. This may result in unexpected behavior. 
[debug] [2023-07-05T23:53:54.517Z] [hub] writing locator at C:\Users\ADMINI~1\AppData\Local\Temp\hub-leisurelifevacations-52ff1.json
[debug] [2023-07-05T23:53:54.548Z] [functions] Functions Emulator only supports listening on one address (127.0.0.1). Not listening on ::1
[debug] [2023-07-05T23:53:54.548Z] [eventarc] Eventarc Emulator only supports listening on one address (127.0.0.1). Not listening on ::1
[debug] [2023-07-05T23:53:54.549Z] late-assigned ports for functions and eventarc emulators {"user":{"hub":[{"address":"127.0.0.1","family":"IPv4","port":4400},{"address":"::1","family":"IPv6","port":4400}],"logging":[{"address":"127.0.0.1","family":"IPv4","port":4500}],"ui":[{"address":"127.0.0.1","family":"IPv4","port":4003},{"address":"::1","family":"IPv6","port":4003}],"functions":[{"address":"127.0.0.1","family":"IPv4","port":5001}],"eventarc":[{"address":"127.0.0.1","family":"IPv4","port":9299}]},"metadata":{"message":"late-assigned ports for functions and eventarc emulators"}}
[warn] !  functions: The following emulators are not running, calls to these services from the Functions emulator will affect production: auth, firestore, database, hosting, pubsub, storage {"metadata":{"emulator":{"name":"functions"},"message":"The following emulators are not running, calls to these services from the Functions emulator will affect production: \u001b[1mauth, firestore, database, hosting, pubsub, storage\u001b[22m"}}
[debug] [2023-07-05T23:53:54.562Z] defaultcredentials: writing to file C:\Users\Administrator\AppData\Roaming\firebase\leisurelifecruises_gmail_com_application_default_credentials.json
[debug] [2023-07-05T23:53:54.598Z] Setting GAC to C:\Users\Administrator\AppData\Roaming\firebase\leisurelifecruises_gmail_com_application_default_credentials.json {"metadata":{"emulator":{"name":"functions"},"message":"Setting GAC to C:\\Users\\Administrator\\AppData\\Roaming\\firebase\\leisurelifecruises_gmail_com_application_default_credentials.json"}}
[debug] [2023-07-05T23:53:54.603Z] >>> [apiv2][query] GET https://firebase.googleapis.com/v1beta1/projects/leisurelifevacations-52ff1/adminSdkConfig [none]
[debug] [2023-07-05T23:53:55.028Z] <<< [apiv2][status] GET https://firebase.googleapis.com/v1beta1/projects/leisurelifevacations-52ff1/adminSdkConfig 200
[debug] [2023-07-05T23:53:55.029Z] <<< [apiv2][body] GET https://firebase.googleapis.com/v1beta1/projects/leisurelifevacations-52ff1/adminSdkConfig {"projectId":"leisurelifevacations-52ff1","databaseURL":"https://leisurelifevacations-52ff1-default-rtdb.firebaseio.com","storageBucket":"leisurelifevacations-52ff1.appspot.com","locationId":"us-central"}
[debug] [2023-07-05T23:53:55.060Z] Ignoring unsupported arg: auto_download {"metadata":{"emulator":{"name":"ui"},"message":"Ignoring unsupported arg: auto_download"}}
[debug] [2023-07-05T23:53:55.061Z] Ignoring unsupported arg: port {"metadata":{"emulator":{"name":"ui"},"message":"Ignoring unsupported arg: port"}}
[debug] [2023-07-05T23:53:55.061Z] Starting Emulator UI with command {"binary":"node","args":["C:\\Users\\Administrator\\.cache\\firebase\\emulators\\ui-v1.11.6\\server\\server.js"],"optionalArgs":[],"joinArgs":false} {"metadata":{"emulator":{"name":"ui"},"message":"Starting Emulator UI with command {\"binary\":\"node\",\"args\":[\"C:\\\\Users\\\\Administrator\\\\.cache\\\\firebase\\\\emulators\\\\ui-v1.11.6\\\\server\\\\server.js\"],\"optionalArgs\":[],\"joinArgs\":false}"}}
[info] i  ui: Emulator UI logging to ui-debug.log {"metadata":{"emulator":{"name":"ui"},"message":"Emulator UI logging to \u001b[1mui-debug.log\u001b[22m"}}
[debug] [2023-07-05T23:53:55.320Z] Web / API server started at 127.0.0.1:4003
 {"metadata":{"emulator":{"name":"ui"},"message":"Web / API server started at 127.0.0.1:4003\n"}}
[debug] [2023-07-05T23:53:55.321Z] Web / API server started at ::1:4003
 {"metadata":{"emulator":{"name":"ui"},"message":"Web / API server started at ::1:4003\n"}}
[info] i  functions: Watching "C:\Users\Administrator\Dropbox\Source\leisurelifevacations2\functions" for Cloud Functions... {"metadata":{"emulator":{"name":"functions"},"message":"Watching \"C:\\Users\\Administrator\\Dropbox\\Source\\leisurelifevacations2\\functions\" for Cloud Functions..."}}
[debug] [2023-07-05T23:53:55.354Z] Validating nodejs source
[debug] [2023-07-05T23:53:57.345Z] > [functions] package.json contents: {
  "name": "functions",
  "description": "Cloud Functions for Firebase",
  "scripts": {
    "lint": "eslint .",
    "serve": "firebase emulators:start --only functions",
    "shell": "firebase functions:shell",
    "start": "npm run shell",
    "deploy": "firebase deploy --only functions",
    "logs": "firebase functions:log"
  },
  "engines": {
    "node": "18"
  },
  "main": "index.js",
  "dependencies": {
    "firebase-admin": "^11.8.0",
    "firebase-functions": "^4.3.1"
  },
  "devDependencies": {
    "eslint": "^8.15.0",
    "eslint-config-google": "^0.14.0",
    "firebase-functions-test": "^3.1.0"
  },
  "private": true
}
[debug] [2023-07-05T23:53:57.345Z] Building nodejs source
[debug] [2023-07-05T23:53:57.346Z] Failed to find version of module node: reached end of search path C:\Users\Administrator\Dropbox\Source\leisurelifevacations2\functions\node_modules
[warn] !  functions: Your requested "node" version "18" doesn't match your global version "20". Using node@20 from host. 
[info] i  functions: Loaded environment variables from .env. 
[debug] [2023-07-05T23:53:57.352Z] Could not find functions.yaml. Must use http discovery
[debug] [2023-07-05T23:53:57.363Z] Found firebase-functions binary at 'C:\Users\Administrator\Dropbox\Source\leisurelifevacations2\functions\node_modules\.bin\firebase-functions'
[info] Serving at port 8064

[debug] [2023-07-05T23:53:57.794Z] Got response code 400; body Failed to generate manifest from function source: SyntaxError: Cannot use import statement outside a module
[info] shutdown requested via /__/quitquitquit

[error] !!  functions: Failed to load function definition from source: FirebaseError: Functions codebase could not be analyzed successfully. It may have a syntax or runtime error {"metadata":{"emulator":{"name":"functions"},"message":"Failed to load function definition from source: FirebaseError: Functions codebase could not be analyzed successfully. It may have a syntax or runtime error"}}
[info] 
┌─────────────────────────────────────────────────────────────┐
│ ✔  All emulators ready! It is now safe to connect your app. │
│ i  View Emulator UI at http://127.0.0.1:4003/               │
└─────────────────────────────────────────────────────────────┘

┌───────────┬────────────────┬─────────────────────────────────┐
│ Emulator  │ Host:Port      │ View in Emulator UI             │
├───────────┼────────────────┼─────────────────────────────────┤
│ Functions │ 127.0.0.1:5001 │ http://127.0.0.1:4003/functions │
└───────────┴────────────────┴─────────────────────────────────┘
  Emulator Hub running at 127.0.0.1:4400
  Other reserved ports: 4500

Issues? Report them at https://github.com/firebase/firebase-tools/issues and attach the *-debug.log files.
 
[debug] [2023-07-05T23:54:20.650Z] File C:\Users\Administrator\Dropbox\Source\leisurelifevacations2\functions\index.js changed, reloading triggers {"metadata":{"emulator":{"name":"functions"},"message":"File C:\\Users\\Administrator\\Dropbox\\Source\\leisurelifevacations2\\functions\\index.js changed, reloading triggers"}}
[debug] [2023-07-05T23:54:21.655Z] Validating nodejs source
[debug] [2023-07-05T23:54:24.410Z] > [functions] package.json contents: {
  "name": "functions",
  "description": "Cloud Functions for Firebase",
  "scripts": {
    "lint": "eslint .",
    "serve": "firebase emulators:start --only functions",
    "shell": "firebase functions:shell",
    "start": "npm run shell",
    "deploy": "firebase deploy --only functions",
    "logs": "firebase functions:log"
  },
  "engines": {
    "node": "18"
  },
  "main": "index.js",
  "dependencies": {
    "firebase-admin": "^11.8.0",
    "firebase-functions": "^4.3.1"
  },
  "devDependencies": {
    "eslint": "^8.15.0",
    "eslint-config-google": "^0.14.0",
    "firebase-functions-test": "^3.1.0"
  },
  "private": true
}
[debug] [2023-07-05T23:54:24.411Z] Building nodejs source
[debug] [2023-07-05T23:54:24.411Z] Failed to find version of module node: reached end of search path C:\Users\Administrator\Dropbox\Source\leisurelifevacations2\functions\node_modules
[warn] !  functions: Your requested "node" version "18" doesn't match your global version "20". Using node@20 from host. 
[info] i  functions: Loaded environment variables from .env. 
[debug] [2023-07-05T23:54:24.415Z] Could not find functions.yaml. Must use http discovery
[debug] [2023-07-05T23:54:24.431Z] Found firebase-functions binary at 'C:\Users\Administrator\Dropbox\Source\leisurelifevacations2\functions\node_modules\.bin\firebase-functions'
[info] Serving at port 8765

[debug] [2023-07-05T23:54:25.060Z] Got response code 400; body Failed to generate manifest from function source: SyntaxError: Cannot use import statement outside a module
[info] shutdown requested via /__/quitquitquit

[error] !!  functions: Failed to load function definition from source: FirebaseError: Functions codebase could not be analyzed successfully. It may have a syntax or runtime error {"metadata":{"emulator":{"name":"functions"},"message":"Failed to load function definition from source: FirebaseError: Functions codebase could not be analyzed successfully. It may have a syntax or runtime error"}}
[debug] [2023-07-05T23:54:45.414Z] ----------------------------------------------------------------------
[debug] [2023-07-05T23:54:45.417Z] Command:       C:\Program Files\nodejs\node.exe C:\Users\Administrator\AppData\Roaming\npm\node_modules\firebase-tools\lib\bin\firebase.js emulators:start --only functions
[debug] [2023-07-05T23:54:45.418Z] CLI Version:   12.4.2
[debug] [2023-07-05T23:54:45.418Z] Platform:      win32
[debug] [2023-07-05T23:54:45.418Z] Node Version:  v20.3.1
[debug] [2023-07-05T23:54:45.418Z] Time:          Wed Jul 05 2023 19:54:45 GMT-0400 (Eastern Daylight Time)
[debug] [2023-07-05T23:54:45.418Z] ----------------------------------------------------------------------
[debug] 
[debug] [2023-07-05T23:54:45.563Z] > command requires scopes: ["email","openid","https://www.googleapis.com/auth/cloudplatformprojects.readonly","https://www.googleapis.com/auth/firebase","https://www.googleapis.com/auth/cloud-platform"]
[debug] [2023-07-05T23:54:45.563Z] > authorizing via signed-in user (leisurelifecruises@gmail.com)
[info] i  emulators: Starting emulators: functions {"metadata":{"emulator":{"name":"hub"},"message":"Starting emulators: functions"}}
[debug] [2023-07-05T23:54:45.573Z] [logging] Logging Emulator only supports listening on one address (127.0.0.1). Not listening on ::1
[warn] !  ui: Emulator UI unable to start on port 4000, starting on 4004 instead. {"metadata":{"emulator":{"name":"ui"},"message":"Emulator UI unable to start on port 4000, starting on 4004 instead."}}
[debug] [2023-07-05T23:54:45.575Z] assigned listening specs for emulators {"user":{"hub":[{"address":"127.0.0.1","family":"IPv4","port":4400},{"address":"::1","family":"IPv6","port":4400}],"logging":[{"address":"127.0.0.1","family":"IPv4","port":4500}],"ui":[{"address":"127.0.0.1","family":"IPv4","port":4004},{"address":"::1","family":"IPv6","port":4004}]},"metadata":{"message":"assigned listening specs for emulators"}}
[warn] !  emulators: It seems that you are running multiple instances of the emulator suite for project leisurelifevacations-52ff1. This may result in unexpected behavior. 
[debug] [2023-07-05T23:54:45.586Z] [hub] writing locator at C:\Users\ADMINI~1\AppData\Local\Temp\hub-leisurelifevacations-52ff1.json
[debug] [2023-07-05T23:54:45.608Z] [functions] Functions Emulator only supports listening on one address (127.0.0.1). Not listening on ::1
[debug] [2023-07-05T23:54:45.609Z] [eventarc] Eventarc Emulator only supports listening on one address (127.0.0.1). Not listening on ::1
[debug] [2023-07-05T23:54:45.609Z] late-assigned ports for functions and eventarc emulators {"user":{"hub":[{"address":"127.0.0.1","family":"IPv4","port":4400},{"address":"::1","family":"IPv6","port":4400}],"logging":[{"address":"127.0.0.1","family":"IPv4","port":4500}],"ui":[{"address":"127.0.0.1","family":"IPv4","port":4004},{"address":"::1","family":"IPv6","port":4004}],"functions":[{"address":"127.0.0.1","family":"IPv4","port":5001}],"eventarc":[{"address":"127.0.0.1","family":"IPv4","port":9299}]},"metadata":{"message":"late-assigned ports for functions and eventarc emulators"}}
[warn] !  functions: The following emulators are not running, calls to these services from the Functions emulator will affect production: auth, firestore, database, hosting, pubsub, storage {"metadata":{"emulator":{"name":"functions"},"message":"The following emulators are not running, calls to these services from the Functions emulator will affect production: \u001b[1mauth, firestore, database, hosting, pubsub, storage\u001b[22m"}}
[debug] [2023-07-05T23:54:45.615Z] defaultcredentials: writing to file C:\Users\Administrator\AppData\Roaming\firebase\leisurelifecruises_gmail_com_application_default_credentials.json
[debug] [2023-07-05T23:54:45.641Z] Setting GAC to C:\Users\Administrator\AppData\Roaming\firebase\leisurelifecruises_gmail_com_application_default_credentials.json {"metadata":{"emulator":{"name":"functions"},"message":"Setting GAC to C:\\Users\\Administrator\\AppData\\Roaming\\firebase\\leisurelifecruises_gmail_com_application_default_credentials.json"}}
[debug] [2023-07-05T23:54:45.643Z] >>> [apiv2][query] GET https://firebase.googleapis.com/v1beta1/projects/leisurelifevacations-52ff1/adminSdkConfig [none]
[debug] [2023-07-05T23:54:45.973Z] <<< [apiv2][status] GET https://firebase.googleapis.com/v1beta1/projects/leisurelifevacations-52ff1/adminSdkConfig 200
[debug] [2023-07-05T23:54:45.973Z] <<< [apiv2][body] GET https://firebase.googleapis.com/v1beta1/projects/leisurelifevacations-52ff1/adminSdkConfig {"projectId":"leisurelifevacations-52ff1","databaseURL":"https://leisurelifevacations-52ff1-default-rtdb.firebaseio.com","storageBucket":"leisurelifevacations-52ff1.appspot.com","locationId":"us-central"}
[debug] [2023-07-05T23:54:45.994Z] Ignoring unsupported arg: auto_download {"metadata":{"emulator":{"name":"ui"},"message":"Ignoring unsupported arg: auto_download"}}
[debug] [2023-07-05T23:54:45.994Z] Ignoring unsupported arg: port {"metadata":{"emulator":{"name":"ui"},"message":"Ignoring unsupported arg: port"}}
[debug] [2023-07-05T23:54:45.994Z] Starting Emulator UI with command {"binary":"node","args":["C:\\Users\\Administrator\\.cache\\firebase\\emulators\\ui-v1.11.6\\server\\server.js"],"optionalArgs":[],"joinArgs":false} {"metadata":{"emulator":{"name":"ui"},"message":"Starting Emulator UI with command {\"binary\":\"node\",\"args\":[\"C:\\\\Users\\\\Administrator\\\\.cache\\\\firebase\\\\emulators\\\\ui-v1.11.6\\\\server\\\\server.js\"],\"optionalArgs\":[],\"joinArgs\":false}"}}
[info] i  ui: Emulator UI logging to ui-debug.log {"metadata":{"emulator":{"name":"ui"},"message":"Emulator UI logging to \u001b[1mui-debug.log\u001b[22m"}}
[debug] [2023-07-05T23:54:46.122Z] Web / API server started at 127.0.0.1:4004
 {"metadata":{"emulator":{"name":"ui"},"message":"Web / API server started at 127.0.0.1:4004\n"}}
[debug] [2023-07-05T23:54:46.123Z] Web / API server started at ::1:4004
 {"metadata":{"emulator":{"name":"ui"},"message":"Web / API server started at ::1:4004\n"}}
[info] i  functions: Watching "C:\Users\Administrator\Dropbox\Source\leisurelifevacations2\functions" for Cloud Functions... {"metadata":{"emulator":{"name":"functions"},"message":"Watching \"C:\\Users\\Administrator\\Dropbox\\Source\\leisurelifevacations2\\functions\" for Cloud Functions..."}}
[debug] [2023-07-05T23:54:46.279Z] Validating nodejs source
[debug] [2023-07-05T23:54:47.744Z] > [functions] package.json contents: {
  "name": "functions",
  "description": "Cloud Functions for Firebase",
  "scripts": {
    "lint": "eslint .",
    "serve": "firebase emulators:start --only functions",
    "shell": "firebase functions:shell",
    "start": "npm run shell",
    "deploy": "firebase deploy --only functions",
    "logs": "firebase functions:log"
  },
  "engines": {
    "node": "18"
  },
  "main": "index.js",
  "dependencies": {
    "firebase-admin": "^11.8.0",
    "firebase-functions": "^4.3.1"
  },
  "devDependencies": {
    "eslint": "^8.15.0",
    "eslint-config-google": "^0.14.0",
    "firebase-functions-test": "^3.1.0"
  },
  "private": true
}
[debug] [2023-07-05T23:54:47.744Z] Building nodejs source
[debug] [2023-07-05T23:54:47.744Z] Failed to find version of module node: reached end of search path C:\Users\Administrator\Dropbox\Source\leisurelifevacations2\functions\node_modules
[warn] !  functions: Your requested "node" version "18" doesn't match your global version "20". Using node@20 from host. 
[info] i  functions: Loaded environment variables from .env. 
[debug] [2023-07-05T23:54:47.751Z] Could not find functions.yaml. Must use http discovery
[debug] [2023-07-05T23:54:47.763Z] Found firebase-functions binary at 'C:\Users\Administrator\Dropbox\Source\leisurelifevacations2\functions\node_modules\.bin\firebase-functions'
[info] Serving at port 8652

[debug] [2023-07-05T23:54:48.121Z] Got response code 400; body Failed to generate manifest from function source: SyntaxError: Cannot use import statement outside a module
[info] shutdown requested via /__/quitquitquit

[error] !!  functions: Failed to load function definition from source: FirebaseError: Functions codebase could not be analyzed successfully. It may have a syntax or runtime error {"metadata":{"emulator":{"name":"functions"},"message":"Failed to load function definition from source: FirebaseError: Functions codebase could not be analyzed successfully. It may have a syntax or runtime error"}}
[info] 
┌─────────────────────────────────────────────────────────────┐
│ ✔  All emulators ready! It is now safe to connect your app. │
│ i  View Emulator UI at http://127.0.0.1:4004/               │
└─────────────────────────────────────────────────────────────┘

┌───────────┬────────────────┬─────────────────────────────────┐
│ Emulator  │ Host:Port      │ View in Emulator UI             │
├───────────┼────────────────┼─────────────────────────────────┤
│ Functions │ 127.0.0.1:5001 │ http://127.0.0.1:4004/functions │
└───────────┴────────────────┴─────────────────────────────────┘
  Emulator Hub running at 127.0.0.1:4400
  Other reserved ports: 4500

Issues? Report them at https://github.com/firebase/firebase-tools/issues and attach the *-debug.log files.
 
